# JRE version: Java(TM) SE Runtime Environment (7.0_75-b13) (build 1.7.0_75-b13)
# Java VM: Java HotSpot(TM) Client VM (24.75-b04 mixed mode, sharing windows-x86 )
Heap
 def new generation   total 4928K, used 4416K [0x23800000, 0x23d50000, 0x28d50000)
  eden space 4416K, 100% used [0x23800000, 0x23c50000, 0x23c50000)
  from space 512K,   0% used [0x23cd0000, 0x23cd03d8, 0x23d50000)
  to   space 512K,   0% used [0x23c50000, 0x23c50000, 0x23cd0000)
 tenured generation   total 10944K, used 7503K [0x28d50000, 0x29800000, 0x33800000)
   the space 10944K,  68% used [0x28d50000, 0x294a3d98, 0x294a3e00, 0x29800000)
 compacting perm gen  total 12288K, used 2833K [0x33800000, 0x34400000, 0x37800000)
   the space 12288K,  23% used [0x33800000, 0x33ac4510, 0x33ac4600, 0x34400000)
    ro space 10240K,  44% used [0x37800000, 0x37c7b880, 0x37c7ba00, 0x38200000)
    rw space 12288K,  52% used [0x38200000, 0x38843888, 0x38843a00, 0x38e00000)
GC Heap History (10 events):
Event: 87.420 GC heap before
{Heap before GC invocations=6 (full 0):
 def new generation   total 4928K, used 4763K [0x23800000, 0x23d50000, 0x28d50000)
  eden space 4416K, 100% used [0x23800000, 0x23c50000, 0x23c50000)
  from space 512K,  67% used [0x23c50000, 0x23ca6eb8, 0x23cd0000)
  to   space 512K,   0% used [0x23cd0000, 0x23cd0000, 0x23d50000)
 tenured generation   total 10944K, used 6448K [0x28d50000, 0x29800000, 0x33800000)
   the space 10944K,  58% used [0x28d50000, 0x2939c110, 0x2939c200, 0x29800000)
 compacting perm gen  total 12288K, used 2809K [0x33800000, 0x34400000, 0x37800000)
   the space 12288K,  22% used [0x33800000, 0x33abe690, 0x33abe800, 0x34400000)
    ro space 10240K,  44% used [0x37800000, 0x37c7b880, 0x37c7ba00, 0x38200000)
    rw space 12288K,  52% used [0x38200000, 0x38843888, 0x38843a00, 0x38e00000)
Event: 87.427 GC heap after
Heap after GC invocations=7 (full 0):
 def new generation   total 4928K, used 420K [0x23800000, 0x23d50000, 0x28d50000)
  eden space 4416K,   0% used [0x23800000, 0x23800000, 0x23c50000)
  from space 512K,  82% used [0x23cd0000, 0x23d39110, 0x23d50000)
  to   space 512K,   0% used [0x23c50000, 0x23c50000, 0x23cd0000)
 tenured generation   total 10944K, used 6777K [0x28d50000, 0x29800000, 0x33800000)
   the space 10944K,  61% used [0x28d50000, 0x293ee668, 0x293ee800, 0x29800000)
 compacting perm gen  total 12288K, used 2809K [0x33800000, 0x34400000, 0x37800000)
   the space 12288K,  22% used [0x33800000, 0x33abe690, 0x33abe800, 0x34400000)
    ro space 10240K,  44% used [0x37800000, 0x37c7b880, 0x37c7ba00, 0x38200000)
    rw space 12288K,  52% used [0x38200000, 0x38843888, 0x38843a00, 0x38e00000)
}
Event: 275.086 GC heap before
{Heap before GC invocations=7 (full 0):
 def new generation   total 4928K, used 4836K [0x23800000, 0x23d50000, 0x28d50000)
  eden space 4416K, 100% used [0x23800000, 0x23c50000, 0x23c50000)
  from space 512K,  82% used [0x23cd0000, 0x23d39110, 0x23d50000)
  to   space 512K,   0% used [0x23c50000, 0x23c50000, 0x23cd0000)
 tenured generation   total 10944K, used 6777K [0x28d50000, 0x29800000, 0x33800000)
   the space 10944K,  61% used [0x28d50000, 0x293ee668, 0x293ee800, 0x29800000)
 compacting perm gen  total 12288K, used 2833K [0x33800000, 0x34400000, 0x37800000)
   the space 12288K,  23% used [0x33800000, 0x33ac4510, 0x33ac4600, 0x34400000)
    ro space 10240K,  44% used [0x37800000, 0x37c7b880, 0x37c7ba00, 0x38200000)
    rw space 12288K,  52% used [0x38200000, 0x38843888, 0x38843a00, 0x38e00000)
Event: 275.092 GC heap after
Heap after GC invocations=8 (full 0):
 def new generation   total 4928K, used 365K [0x23800000, 0x23d50000, 0x28d50000)
  eden space 4416K,   0% used [0x23800000, 0x23800000, 0x23c50000)
  from space 512K,  71% used [0x23c50000, 0x23cab5e0, 0x23cd0000)
  to   space 512K,   0% used [0x23cd0000, 0x23cd0000, 0x23d50000)
 tenured generation   total 10944K, used 7146K [0x28d50000, 0x29800000, 0x33800000)
   the space 10944K,  65% used [0x28d50000, 0x2944a8f0, 0x2944aa00, 0x29800000)
 compacting perm gen  total 12288K, used 2833K [0x33800000, 0x34400000, 0x37800000)
   the space 12288K,  23% used [0x33800000, 0x33ac4510, 0x33ac4600, 0x34400000)
    ro space 10240K,  44% used [0x37800000, 0x37c7b880, 0x37c7ba00, 0x38200000)
    rw space 12288K,  52% used [0x38200000, 0x38843888, 0x38843a00, 0x38e00000)
}
Event: 1315.841 GC heap before
{Heap before GC invocations=8 (full 0):
 def new generation   total 4928K, used 4781K [0x23800000, 0x23d50000, 0x28d50000)
  eden space 4416K, 100% used [0x23800000, 0x23c50000, 0x23c50000)
  from space 512K,  71% used [0x23c50000, 0x23cab5e0, 0x23cd0000)
  to   space 512K,   0% used [0x23cd0000, 0x23cd0000, 0x23d50000)
 tenured generation   total 10944K, used 7146K [0x28d50000, 0x29800000, 0x33800000)
   the space 10944K,  65% used [0x28d50000, 0x2944a8f0, 0x2944aa00, 0x29800000)
 compacting perm gen  total 12288K, used 2833K [0x33800000, 0x34400000, 0x37800000)
   the space 12288K,  23% used [0x33800000, 0x33ac4510, 0x33ac4600, 0x34400000)
    ro space 10240K,  44% used [0x37800000, 0x37c7b880, 0x37c7ba00, 0x38200000)
    rw space 12288K,  52% used [0x38200000, 0x38843888, 0x38843a00, 0x38e00000)
Event: 1315.845 GC heap after
Heap after GC invocations=9 (full 0):
 def new generation   total 4928K, used 0K [0x23800000, 0x23d50000, 0x28d50000)
  eden space 4416K,   0% used [0x23800000, 0x23800000, 0x23c50000)
  from space 512K,   0% used [0x23cd0000, 0x23cd0098, 0x23d50000)
  to   space 512K,   0% used [0x23c50000, 0x23c50000, 0x23cd0000)
 tenured generation   total 10944K, used 7503K [0x28d50000, 0x29800000, 0x33800000)
   the space 10944K,  68% used [0x28d50000, 0x294a3d98, 0x294a3e00, 0x29800000)
 compacting perm gen  total 12288K, used 2833K [0x33800000, 0x34400000, 0x37800000)
   the space 12288K,  23% used [0x33800000, 0x33ac4510, 0x33ac4600, 0x34400000)
    ro space 10240K,  44% used [0x37800000, 0x37c7b880, 0x37c7ba00, 0x38200000)
    rw space 12288K,  52% used [0x38200000, 0x38843888, 0x38843a00, 0x38e00000)
}
Event: 2337.533 GC heap before
{Heap before GC invocations=9 (full 0):
 def new generation   total 4928K, used 4416K [0x23800000, 0x23d50000, 0x28d50000)
  eden space 4416K, 100% used [0x23800000, 0x23c50000, 0x23c50000)
  from space 512K,   0% used [0x23cd0000, 0x23cd0098, 0x23d50000)
  to   space 512K,   0% used [0x23c50000, 0x23c50000, 0x23cd0000)
 tenured generation   total 10944K, used 7503K [0x28d50000, 0x29800000, 0x33800000)
   the space 10944K,  68% used [0x28d50000, 0x294a3d98, 0x294a3e00, 0x29800000)
 compacting perm gen  total 12288K, used 2833K [0x33800000, 0x34400000, 0x37800000)
   the space 12288K,  23% used [0x33800000, 0x33ac4510, 0x33ac4600, 0x34400000)
    ro space 10240K,  44% used [0x37800000, 0x37c7b880, 0x37c7ba00, 0x38200000)
    rw space 12288K,  52% used [0x38200000, 0x38843888, 0x38843a00, 0x38e00000)
Event: 2337.535 GC heap after
Heap after GC invocations=10 (full 0):
 def new generation   total 4928K, used 0K [0x23800000, 0x23d50000, 0x28d50000)
  eden space 4416K,   0% used [0x23800000, 0x23800000, 0x23c50000)
  from space 512K,   0% used [0x23c50000, 0x23c503f0, 0x23cd0000)
  to   space 512K,   0% used [0x23cd0000, 0x23cd0000, 0x23d50000)
 tenured generation   total 10944K, used 7503K [0x28d50000, 0x29800000, 0x33800000)
   the space 10944K,  68% used [0x28d50000, 0x294a3d98, 0x294a3e00, 0x29800000)
 compacting perm gen  total 12288K, used 2833K [0x33800000, 0x34400000, 0x37800000)
   the space 12288K,  23% used [0x33800000, 0x33ac4510, 0x33ac4600, 0x34400000)
    ro space 10240K,  44% used [0x37800000, 0x37c7b880, 0x37c7ba00, 0x38200000)
    rw space 12288K,  52% used [0x38200000, 0x38843888, 0x38843a00, 0x38e00000)
}
Event: 3390.340 GC heap before
{Heap before GC invocations=10 (full 0):
 def new generation   total 4928K, used 4416K [0x23800000, 0x23d50000, 0x28d50000)
  eden space 4416K, 100% used [0x23800000, 0x23c50000, 0x23c50000)
  from space 512K,   0% used [0x23c50000, 0x23c503f0, 0x23cd0000)
  to   space 512K,   0% used [0x23cd0000, 0x23cd0000, 0x23d50000)
 tenured generation   total 10944K, used 7503K [0x28d50000, 0x29800000, 0x33800000)
   the space 10944K,  68% used [0x28d50000, 0x294a3d98, 0x294a3e00, 0x29800000)
 compacting perm gen  total 12288K, used 2833K [0x33800000, 0x34400000, 0x37800000)
   the space 12288K,  23% used [0x33800000, 0x33ac4510, 0x33ac4600, 0x34400000)
    ro space 10240K,  44% used [0x37800000, 0x37c7b880, 0x37c7ba00, 0x38200000)
    rw space 12288K,  52% used [0x38200000, 0x38843888, 0x38843a00, 0x38e00000)
Event: 3390.402 GC heap after
Heap after GC invocations=11 (full 0):
 def new generation   total 4928K, used 0K [0x23800000, 0x23d50000, 0x28d50000)
  eden space 4416K,   0% used [0x23800000, 0x23800000, 0x23c50000)
  from space 512K,   0% used [0x23cd0000, 0x23cd03d8, 0x23d50000)
  to   space 512K,   0% used [0x23c50000, 0x23c50000, 0x23cd0000)
 tenured generation   total 10944K, used 7503K [0x28d50000, 0x29800000, 0x33800000)
   the space 10944K,  68% used [0x28d50000, 0x294a3d98, 0x294a3e00, 0x29800000)
 compacting perm gen  total 12288K, used 2833K [0x33800000, 0x34400000, 0x37800000)
   the space 12288K,  23% used [0x33800000, 0x33ac4510, 0x33ac4600, 0x34400000)
    ro space 10240K,  44% used [0x37800000, 0x37c7b880, 0x37c7ba00, 0x38200000)
    rw space 12288K,  52% used [0x38200000, 0x38843888, 0x38843a00, 0x38e00000)
}

